<?xml version="1.0" encoding="UTF-8"?>
<!-- Generated by org.testng.reporters.JUnitXMLReporter -->
<testsuite ignored="0" hostname="DESKTOP-8GDJ9J7" failures="0" tests="48" name="Default test" time="1101.213" errors="0" timestamp="2023-02-15T11:49:00 PST">
  <testcase classname="dataDriven.excelDataProvided.liverLogin" name="testCaseData" time="19.513"/>
  <testcase classname="dataDriven.excelDataProvided.liverLogin" name="testCaseData" time="22.889"/>
  <testcase classname="dataDriven.excelDataProvided.liverLogin" name="testCaseData" time="20.981"/>
  <testcase classname="dataDriven.excelDataProvided.liverLogin" name="testCaseData" time="20.698"/>
  <testcase classname="dataDriven.excelDataProvided.liverLogin" name="testCaseData" time="15.475"/>
  <testcase classname="dataDriven.excelDataProvided.liverLogin" name="testCaseData" time="20.795"/>
  <testcase classname="dataDriven.excelDataProvided.liverLogin" name="testCaseData" time="20.778"/>
  <testcase classname="dataDriven.excelDataProvided.liverLogin" name="testCaseData" time="70.819"/>
  <testcase classname="dataDriven.excelDataProvided.liverLogin" name="testCaseData" time="34.0"/>
  <testcase classname="dataDriven.excelDataProvided.liverLogin" name="testCaseData" time="22.964"/>
  <testcase classname="dataDriven.excelDataProvided.liverLogin" name="testCaseData" time="22.422"/>
  <testcase classname="dataDriven.excelDataProvided.liverLogin" name="testCaseData" time="25.037"/>
  <testcase classname="dataDriven.excelDataProvided.liverLogin" name="testCaseData" time="37.716"/>
  <testcase classname="dataDriven.excelDataProvided.liverLogin" name="testCaseData" time="23.029"/>
  <testcase classname="dataDriven.excelDataProvided.liverLogin" name="testCaseData" time="22.935"/>
  <testcase classname="dataDriven.excelDataProvided.liverLogin" name="testCaseData" time="21.911"/>
  <testcase classname="dataDriven.excelDataProvided.liverLogin" name="testCaseData" time="28.621"/>
  <testcase classname="dataDriven.excelDataProvided.liverLogin" name="testCaseData" time="28.055"/>
  <testcase classname="dataDriven.excelDataProvided.liverLogin" name="testCaseData" time="24.079"/>
  <testcase classname="dataDriven.excelDataProvided.liverLogin" name="testCaseData" time="21.547"/>
  <testcase classname="dataDriven.excelDataProvided.liverLogin" name="testCaseData" time="20.157"/>
  <testcase classname="dataDriven.excelDataProvided.liverLogin" name="testCaseData" time="20.943"/>
  <testcase classname="dataDriven.excelDataProvided.liverLogin" name="testCaseData" time="20.051"/>
  <testcase classname="dataDriven.excelDataProvided.liverLogin" name="testCaseData" time="19.324"/>
  <testcase classname="dataDriven.excelDataProvided.liverLogin" name="testCaseData" time="20.205"/>
  <testcase classname="dataDriven.excelDataProvided.liverLogin" name="testCaseData" time="21.204"/>
  <testcase classname="dataDriven.excelDataProvided.liverLogin" name="testCaseData" time="19.152"/>
  <testcase classname="dataDriven.excelDataProvided.liverLogin" name="testCaseData" time="18.604"/>
  <testcase classname="dataDriven.excelDataProvided.liverLogin" name="testCaseData" time="18.803"/>
  <testcase classname="dataDriven.excelDataProvided.liverLogin" name="testCaseData" time="15.658"/>
  <testcase classname="dataDriven.excelDataProvided.liverLogin" name="testCaseData" time="19.452"/>
  <testcase classname="dataDriven.excelDataProvided.liverLogin" name="testCaseData" time="22.997"/>
  <testcase classname="dataDriven.excelDataProvided.liverLogin" name="testCaseData" time="15.77"/>
  <testcase classname="dataDriven.excelDataProvided.liverLogin" name="testCaseData" time="17.134"/>
  <testcase classname="dataDriven.excelDataProvided.liverLogin" name="testCaseData" time="19.598"/>
  <testcase classname="dataDriven.excelDataProvided.liverLogin" name="testCaseData" time="20.398"/>
  <testcase classname="dataDriven.excelDataProvided.liverLogin" name="testCaseData" time="19.211"/>
  <testcase classname="dataDriven.excelDataProvided.liverLogin" name="testCaseData" time="20.511"/>
  <testcase classname="dataDriven.excelDataProvided.liverLogin" name="testCaseData" time="19.872"/>
  <testcase classname="dataDriven.excelDataProvided.liverLogin" name="testCaseData" time="19.973"/>
  <testcase classname="dataDriven.excelDataProvided.liverLogin" name="testCaseData" time="19.988"/>
  <testcase classname="dataDriven.excelDataProvided.liverLogin" name="testCaseData" time="21.118"/>
  <testcase classname="dataDriven.excelDataProvided.liverLogin" name="testCaseData" time="19.852"/>
  <testcase classname="dataDriven.excelDataProvided.liverLogin" name="testCaseData" time="25.417"/>
  <testcase classname="dataDriven.excelDataProvided.liverLogin" name="testCaseData" time="23.333"/>
  <testcase classname="dataDriven.excelDataProvided.liverLogin" name="testCaseData" time="25.043"/>
  <testcase classname="dataDriven.excelDataProvided.liverLogin" name="testCaseData" time="20.363"/>
  <testcase classname="dataDriven.excelDataProvided.liverLogin" name="testCaseData" time="31.944"/>
</testsuite> <!-- Default test -->
