<?xml version="1.0" encoding="UTF-8"?>
<!-- Generated by org.testng.reporters.JUnitXMLReporter -->
<testsuite ignored="0" hostname="DESKTOP-8GDJ9J7" failures="0" tests="48" name="Default test" time="693.6" errors="0" timestamp="2023-03-10T10:34:12 PST">
  <testcase classname="dataDriven.excelDataProvided.liverLogin" name="testCaseData" time="18.26"/>
  <testcase classname="dataDriven.excelDataProvided.liverLogin" name="testCaseData" time="18.383"/>
  <testcase classname="dataDriven.excelDataProvided.liverLogin" name="testCaseData" time="17.735"/>
  <testcase classname="dataDriven.excelDataProvided.liverLogin" name="testCaseData" time="16.676"/>
  <testcase classname="dataDriven.excelDataProvided.liverLogin" name="testCaseData" time="17.397"/>
  <testcase classname="dataDriven.excelDataProvided.liverLogin" name="testCaseData" time="14.701"/>
  <testcase classname="dataDriven.excelDataProvided.liverLogin" name="testCaseData" time="17.168"/>
  <testcase classname="dataDriven.excelDataProvided.liverLogin" name="testCaseData" time="27.27"/>
  <testcase classname="dataDriven.excelDataProvided.liverLogin" name="testCaseData" time="16.644"/>
  <testcase classname="dataDriven.excelDataProvided.liverLogin" name="testCaseData" time="19.206"/>
  <testcase classname="dataDriven.excelDataProvided.liverLogin" name="testCaseData" time="15.029"/>
  <testcase classname="dataDriven.excelDataProvided.liverLogin" name="testCaseData" time="14.173"/>
  <testcase classname="dataDriven.excelDataProvided.liverLogin" name="testCaseData" time="16.354"/>
  <testcase classname="dataDriven.excelDataProvided.liverLogin" name="testCaseData" time="15.112"/>
  <testcase classname="dataDriven.excelDataProvided.liverLogin" name="testCaseData" time="13.589"/>
  <testcase classname="dataDriven.excelDataProvided.liverLogin" name="testCaseData" time="16.427"/>
  <testcase classname="dataDriven.excelDataProvided.liverLogin" name="testCaseData" time="8.511"/>
  <testcase classname="dataDriven.excelDataProvided.liverLogin" name="testCaseData" time="10.429"/>
  <testcase classname="dataDriven.excelDataProvided.liverLogin" name="testCaseData" time="7.69"/>
  <testcase classname="dataDriven.excelDataProvided.liverLogin" name="testCaseData" time="9.424"/>
  <testcase classname="dataDriven.excelDataProvided.liverLogin" name="testCaseData" time="13.761"/>
  <testcase classname="dataDriven.excelDataProvided.liverLogin" name="testCaseData" time="14.748"/>
  <testcase classname="dataDriven.excelDataProvided.liverLogin" name="testCaseData" time="15.22"/>
  <testcase classname="dataDriven.excelDataProvided.liverLogin" name="testCaseData" time="13.297"/>
  <testcase classname="dataDriven.excelDataProvided.liverLogin" name="testCaseData" time="14.564"/>
  <testcase classname="dataDriven.excelDataProvided.liverLogin" name="testCaseData" time="8.63"/>
  <testcase classname="dataDriven.excelDataProvided.liverLogin" name="testCaseData" time="8.493"/>
  <testcase classname="dataDriven.excelDataProvided.liverLogin" name="testCaseData" time="8.337"/>
  <testcase classname="dataDriven.excelDataProvided.liverLogin" name="testCaseData" time="13.824"/>
  <testcase classname="dataDriven.excelDataProvided.liverLogin" name="testCaseData" time="8.264"/>
  <testcase classname="dataDriven.excelDataProvided.liverLogin" name="testCaseData" time="13.839"/>
  <testcase classname="dataDriven.excelDataProvided.liverLogin" name="testCaseData" time="9.395"/>
  <testcase classname="dataDriven.excelDataProvided.liverLogin" name="testCaseData" time="14.734"/>
  <testcase classname="dataDriven.excelDataProvided.liverLogin" name="testCaseData" time="15.229"/>
  <testcase classname="dataDriven.excelDataProvided.liverLogin" name="testCaseData" time="14.407"/>
  <testcase classname="dataDriven.excelDataProvided.liverLogin" name="testCaseData" time="15.504"/>
  <testcase classname="dataDriven.excelDataProvided.liverLogin" name="testCaseData" time="15.757"/>
  <testcase classname="dataDriven.excelDataProvided.liverLogin" name="testCaseData" time="14.604"/>
  <testcase classname="dataDriven.excelDataProvided.liverLogin" name="testCaseData" time="15.191"/>
  <testcase classname="dataDriven.excelDataProvided.liverLogin" name="testCaseData" time="15.241"/>
  <testcase classname="dataDriven.excelDataProvided.liverLogin" name="testCaseData" time="15.382"/>
  <testcase classname="dataDriven.excelDataProvided.liverLogin" name="testCaseData" time="15.242"/>
  <testcase classname="dataDriven.excelDataProvided.liverLogin" name="testCaseData" time="14.958"/>
  <testcase classname="dataDriven.excelDataProvided.liverLogin" name="testCaseData" time="15.52"/>
  <testcase classname="dataDriven.excelDataProvided.liverLogin" name="testCaseData" time="14.501"/>
  <testcase classname="dataDriven.excelDataProvided.liverLogin" name="testCaseData" time="14.63"/>
  <testcase classname="dataDriven.excelDataProvided.liverLogin" name="testCaseData" time="15.794"/>
  <testcase classname="dataDriven.excelDataProvided.liverLogin" name="testCaseData" time="13.618"/>
</testsuite> <!-- Default test -->
