<?xml version="1.0" encoding="UTF-8"?>
<testng-results ignored="0" total="1" passed="1" failed="0" skipped="0">
  <reporter-output>
  </reporter-output>
  <suite started-at="2022-12-06T16:17:38 PST" name="Surefire suite" finished-at="2022-12-06T16:17:38 PST" duration-ms="184">
    <groups>
    </groups>
    <test started-at="2022-12-06T16:17:38 PST" name="Surefire test" finished-at="2022-12-06T16:17:38 PST" duration-ms="184">
      <class name="dataDriven.excelDataProvider.AppTest">
        <test-method signature="shouldAnswerWithTrue()" started-at="2022-12-06T16:17:38 PST" name="shouldAnswerWithTrue" finished-at="2022-12-06T16:17:38 PST" duration-ms="20" status="PASS">
          <reporter-output>
          </reporter-output>
        </test-method> <!-- shouldAnswerWithTrue -->
      </class> <!-- dataDriven.excelDataProvider.AppTest -->
    </test> <!-- Surefire test -->
  </suite> <!-- Surefire suite -->
</testng-results>
