<?xml version="1.0" encoding="UTF-8"?>
<testng-results ignored="0" total="48" passed="48" failed="0" skipped="0">
  <reporter-output>
  </reporter-output>
  <suite started-at="2023-03-10T10:22:39 PST" name="Default suite" finished-at="2023-03-10T10:34:12 PST" duration-ms="693600">
    <groups>
    </groups>
    <test started-at="2023-03-10T10:22:39 PST" name="Default test" finished-at="2023-03-10T10:34:12 PST" duration-ms="693600">
      <class name="dataDriven.excelDataProvided.liverLogin">
        <test-method signature="testCaseData(java.lang.String,java.lang.String,java.lang.String)[pri:0, instance:dataDriven.excelDataProvided.liverLogin@4659191b]" started-at="2023-03-10T10:22:39 PST" name="testCaseData" data-provider="driveTest" finished-at="2023-03-10T10:22:57 PST" duration-ms="18260" status="PASS">
          <params>
            <param index="0">
              <value>
                <![CDATA[https://dev-front.machetalk.jp/liver/]]>
              </value>
            </param>
            <param index="1">
              <value>
                <![CDATA[2021-1@gmail.com]]>
              </value>
            </param>
            <param index="2">
              <value>
                <![CDATA[admin]]>
              </value>
            </param>
          </params>
          <reporter-output>
          </reporter-output>
        </test-method> <!-- testCaseData -->
        <test-method signature="testCaseData(java.lang.String,java.lang.String,java.lang.String)[pri:0, instance:dataDriven.excelDataProvided.liverLogin@4659191b]" started-at="2023-03-10T10:22:57 PST" name="testCaseData" data-provider="driveTest" finished-at="2023-03-10T10:23:16 PST" duration-ms="18383" status="PASS">
          <params>
            <param index="0">
              <value>
                <![CDATA[https://dev-front.machetalk.jp/liver/]]>
              </value>
            </param>
            <param index="1">
              <value>
                <![CDATA[2021-2@gmail.com]]>
              </value>
            </param>
            <param index="2">
              <value>
                <![CDATA[admin]]>
              </value>
            </param>
          </params>
          <reporter-output>
          </reporter-output>
        </test-method> <!-- testCaseData -->
        <test-method signature="testCaseData(java.lang.String,java.lang.String,java.lang.String)[pri:0, instance:dataDriven.excelDataProvided.liverLogin@4659191b]" started-at="2023-03-10T10:23:16 PST" name="testCaseData" data-provider="driveTest" finished-at="2023-03-10T10:23:34 PST" duration-ms="17735" status="PASS">
          <params>
            <param index="0">
              <value>
                <![CDATA[https://dev-front.machetalk.jp/liver/]]>
              </value>
            </param>
            <param index="1">
              <value>
                <![CDATA[2021-3@gmail.com]]>
              </value>
            </param>
            <param index="2">
              <value>
                <![CDATA[admin]]>
              </value>
            </param>
          </params>
          <reporter-output>
          </reporter-output>
        </test-method> <!-- testCaseData -->
        <test-method signature="testCaseData(java.lang.String,java.lang.String,java.lang.String)[pri:0, instance:dataDriven.excelDataProvided.liverLogin@4659191b]" started-at="2023-03-10T10:23:34 PST" name="testCaseData" data-provider="driveTest" finished-at="2023-03-10T10:23:50 PST" duration-ms="16676" status="PASS">
          <params>
            <param index="0">
              <value>
                <![CDATA[https://dev-front.machetalk.jp/liver/]]>
              </value>
            </param>
            <param index="1">
              <value>
                <![CDATA[2021-4@gmail.com]]>
              </value>
            </param>
            <param index="2">
              <value>
                <![CDATA[admin]]>
              </value>
            </param>
          </params>
          <reporter-output>
          </reporter-output>
        </test-method> <!-- testCaseData -->
        <test-method signature="testCaseData(java.lang.String,java.lang.String,java.lang.String)[pri:0, instance:dataDriven.excelDataProvided.liverLogin@4659191b]" started-at="2023-03-10T10:23:50 PST" name="testCaseData" data-provider="driveTest" finished-at="2023-03-10T10:24:08 PST" duration-ms="17397" status="PASS">
          <params>
            <param index="0">
              <value>
                <![CDATA[https://dev-front.machetalk.jp/liver/]]>
              </value>
            </param>
            <param index="1">
              <value>
                <![CDATA[2021-5@gmail.com]]>
              </value>
            </param>
            <param index="2">
              <value>
                <![CDATA[admin]]>
              </value>
            </param>
          </params>
          <reporter-output>
          </reporter-output>
        </test-method> <!-- testCaseData -->
        <test-method signature="testCaseData(java.lang.String,java.lang.String,java.lang.String)[pri:0, instance:dataDriven.excelDataProvided.liverLogin@4659191b]" started-at="2023-03-10T10:24:08 PST" name="testCaseData" data-provider="driveTest" finished-at="2023-03-10T10:24:22 PST" duration-ms="14701" status="PASS">
          <params>
            <param index="0">
              <value>
                <![CDATA[https://dev-front.machetalk.jp/liver/]]>
              </value>
            </param>
            <param index="1">
              <value>
                <![CDATA[2021-6@gmail.com]]>
              </value>
            </param>
            <param index="2">
              <value>
                <![CDATA[admin]]>
              </value>
            </param>
          </params>
          <reporter-output>
          </reporter-output>
        </test-method> <!-- testCaseData -->
        <test-method signature="testCaseData(java.lang.String,java.lang.String,java.lang.String)[pri:0, instance:dataDriven.excelDataProvided.liverLogin@4659191b]" started-at="2023-03-10T10:24:22 PST" name="testCaseData" data-provider="driveTest" finished-at="2023-03-10T10:24:40 PST" duration-ms="17168" status="PASS">
          <params>
            <param index="0">
              <value>
                <![CDATA[https://dev-front.machetalk.jp/liver/]]>
              </value>
            </param>
            <param index="1">
              <value>
                <![CDATA[2021-7@gmail.com]]>
              </value>
            </param>
            <param index="2">
              <value>
                <![CDATA[admin]]>
              </value>
            </param>
          </params>
          <reporter-output>
          </reporter-output>
        </test-method> <!-- testCaseData -->
        <test-method signature="testCaseData(java.lang.String,java.lang.String,java.lang.String)[pri:0, instance:dataDriven.excelDataProvided.liverLogin@4659191b]" started-at="2023-03-10T10:24:40 PST" name="testCaseData" data-provider="driveTest" finished-at="2023-03-10T10:25:07 PST" duration-ms="27270" status="PASS">
          <params>
            <param index="0">
              <value>
                <![CDATA[https://dev-front.machetalk.jp/liver/]]>
              </value>
            </param>
            <param index="1">
              <value>
                <![CDATA[2021-8@gmail.com]]>
              </value>
            </param>
            <param index="2">
              <value>
                <![CDATA[admin]]>
              </value>
            </param>
          </params>
          <reporter-output>
          </reporter-output>
        </test-method> <!-- testCaseData -->
        <test-method signature="testCaseData(java.lang.String,java.lang.String,java.lang.String)[pri:0, instance:dataDriven.excelDataProvided.liverLogin@4659191b]" started-at="2023-03-10T10:25:07 PST" name="testCaseData" data-provider="driveTest" finished-at="2023-03-10T10:25:23 PST" duration-ms="16644" status="PASS">
          <params>
            <param index="0">
              <value>
                <![CDATA[https://dev-front.machetalk.jp/liver/]]>
              </value>
            </param>
            <param index="1">
              <value>
                <![CDATA[2021-9@gmail.com]]>
              </value>
            </param>
            <param index="2">
              <value>
                <![CDATA[admin]]>
              </value>
            </param>
          </params>
          <reporter-output>
          </reporter-output>
        </test-method> <!-- testCaseData -->
        <test-method signature="testCaseData(java.lang.String,java.lang.String,java.lang.String)[pri:0, instance:dataDriven.excelDataProvided.liverLogin@4659191b]" started-at="2023-03-10T10:25:23 PST" name="testCaseData" data-provider="driveTest" finished-at="2023-03-10T10:25:43 PST" duration-ms="19206" status="PASS">
          <params>
            <param index="0">
              <value>
                <![CDATA[https://dev-front.machetalk.jp/liver/]]>
              </value>
            </param>
            <param index="1">
              <value>
                <![CDATA[2021-10@gmail.com]]>
              </value>
            </param>
            <param index="2">
              <value>
                <![CDATA[admin]]>
              </value>
            </param>
          </params>
          <reporter-output>
          </reporter-output>
        </test-method> <!-- testCaseData -->
        <test-method signature="testCaseData(java.lang.String,java.lang.String,java.lang.String)[pri:0, instance:dataDriven.excelDataProvided.liverLogin@4659191b]" started-at="2023-03-10T10:25:43 PST" name="testCaseData" data-provider="driveTest" finished-at="2023-03-10T10:25:58 PST" duration-ms="15029" status="PASS">
          <params>
            <param index="0">
              <value>
                <![CDATA[https://dev-front.machetalk.jp/liver/]]>
              </value>
            </param>
            <param index="1">
              <value>
                <![CDATA[2021-11@gmail.com]]>
              </value>
            </param>
            <param index="2">
              <value>
                <![CDATA[admin]]>
              </value>
            </param>
          </params>
          <reporter-output>
          </reporter-output>
        </test-method> <!-- testCaseData -->
        <test-method signature="testCaseData(java.lang.String,java.lang.String,java.lang.String)[pri:0, instance:dataDriven.excelDataProvided.liverLogin@4659191b]" started-at="2023-03-10T10:25:58 PST" name="testCaseData" data-provider="driveTest" finished-at="2023-03-10T10:26:12 PST" duration-ms="14173" status="PASS">
          <params>
            <param index="0">
              <value>
                <![CDATA[https://dev-front.machetalk.jp/liver/]]>
              </value>
            </param>
            <param index="1">
              <value>
                <![CDATA[2021-12@gmail.com]]>
              </value>
            </param>
            <param index="2">
              <value>
                <![CDATA[admin]]>
              </value>
            </param>
          </params>
          <reporter-output>
          </reporter-output>
        </test-method> <!-- testCaseData -->
        <test-method signature="testCaseData(java.lang.String,java.lang.String,java.lang.String)[pri:0, instance:dataDriven.excelDataProvided.liverLogin@4659191b]" started-at="2023-03-10T10:26:12 PST" name="testCaseData" data-provider="driveTest" finished-at="2023-03-10T10:26:28 PST" duration-ms="16354" status="PASS">
          <params>
            <param index="0">
              <value>
                <![CDATA[https://dev-front.machetalk.jp/liver/]]>
              </value>
            </param>
            <param index="1">
              <value>
                <![CDATA[2021-13@gmail.com]]>
              </value>
            </param>
            <param index="2">
              <value>
                <![CDATA[admin]]>
              </value>
            </param>
          </params>
          <reporter-output>
          </reporter-output>
        </test-method> <!-- testCaseData -->
        <test-method signature="testCaseData(java.lang.String,java.lang.String,java.lang.String)[pri:0, instance:dataDriven.excelDataProvided.liverLogin@4659191b]" started-at="2023-03-10T10:26:28 PST" name="testCaseData" data-provider="driveTest" finished-at="2023-03-10T10:26:43 PST" duration-ms="15112" status="PASS">
          <params>
            <param index="0">
              <value>
                <![CDATA[https://dev-front.machetalk.jp/liver/]]>
              </value>
            </param>
            <param index="1">
              <value>
                <![CDATA[2021-14@gmail.com]]>
              </value>
            </param>
            <param index="2">
              <value>
                <![CDATA[admin]]>
              </value>
            </param>
          </params>
          <reporter-output>
          </reporter-output>
        </test-method> <!-- testCaseData -->
        <test-method signature="testCaseData(java.lang.String,java.lang.String,java.lang.String)[pri:0, instance:dataDriven.excelDataProvided.liverLogin@4659191b]" started-at="2023-03-10T10:26:43 PST" name="testCaseData" data-provider="driveTest" finished-at="2023-03-10T10:26:57 PST" duration-ms="13589" status="PASS">
          <params>
            <param index="0">
              <value>
                <![CDATA[https://dev-front.machetalk.jp/liver/]]>
              </value>
            </param>
            <param index="1">
              <value>
                <![CDATA[mt-2021-1@gmail.com]]>
              </value>
            </param>
            <param index="2">
              <value>
                <![CDATA[admin]]>
              </value>
            </param>
          </params>
          <reporter-output>
          </reporter-output>
        </test-method> <!-- testCaseData -->
        <test-method signature="testCaseData(java.lang.String,java.lang.String,java.lang.String)[pri:0, instance:dataDriven.excelDataProvided.liverLogin@4659191b]" started-at="2023-03-10T10:26:57 PST" name="testCaseData" data-provider="driveTest" finished-at="2023-03-10T10:27:13 PST" duration-ms="16427" status="PASS">
          <params>
            <param index="0">
              <value>
                <![CDATA[https://dev-front.machetalk.jp/liver/]]>
              </value>
            </param>
            <param index="1">
              <value>
                <![CDATA[mt-2021-2@gmail.com]]>
              </value>
            </param>
            <param index="2">
              <value>
                <![CDATA[admin]]>
              </value>
            </param>
          </params>
          <reporter-output>
          </reporter-output>
        </test-method> <!-- testCaseData -->
        <test-method signature="testCaseData(java.lang.String,java.lang.String,java.lang.String)[pri:0, instance:dataDriven.excelDataProvided.liverLogin@4659191b]" started-at="2023-03-10T10:27:13 PST" name="testCaseData" data-provider="driveTest" finished-at="2023-03-10T10:27:22 PST" duration-ms="8511" status="PASS">
          <params>
            <param index="0">
              <value>
                <![CDATA[https://dev-front.machetalk.jp/liver/]]>
              </value>
            </param>
            <param index="1">
              <value>
                <![CDATA[mt-2021-3@gmail.com]]>
              </value>
            </param>
            <param index="2">
              <value>
                <![CDATA[admin]]>
              </value>
            </param>
          </params>
          <reporter-output>
          </reporter-output>
        </test-method> <!-- testCaseData -->
        <test-method signature="testCaseData(java.lang.String,java.lang.String,java.lang.String)[pri:0, instance:dataDriven.excelDataProvided.liverLogin@4659191b]" started-at="2023-03-10T10:27:22 PST" name="testCaseData" data-provider="driveTest" finished-at="2023-03-10T10:27:32 PST" duration-ms="10429" status="PASS">
          <params>
            <param index="0">
              <value>
                <![CDATA[https://dev-front.machetalk.jp/liver/]]>
              </value>
            </param>
            <param index="1">
              <value>
                <![CDATA[mt-2021-4@gmail.com]]>
              </value>
            </param>
            <param index="2">
              <value>
                <![CDATA[admin]]>
              </value>
            </param>
          </params>
          <reporter-output>
          </reporter-output>
        </test-method> <!-- testCaseData -->
        <test-method signature="testCaseData(java.lang.String,java.lang.String,java.lang.String)[pri:0, instance:dataDriven.excelDataProvided.liverLogin@4659191b]" started-at="2023-03-10T10:27:32 PST" name="testCaseData" data-provider="driveTest" finished-at="2023-03-10T10:27:40 PST" duration-ms="7690" status="PASS">
          <params>
            <param index="0">
              <value>
                <![CDATA[https://dev-front.machetalk.jp/liver/]]>
              </value>
            </param>
            <param index="1">
              <value>
                <![CDATA[mt-2021-5@gmail.com]]>
              </value>
            </param>
            <param index="2">
              <value>
                <![CDATA[admin]]>
              </value>
            </param>
          </params>
          <reporter-output>
          </reporter-output>
        </test-method> <!-- testCaseData -->
        <test-method signature="testCaseData(java.lang.String,java.lang.String,java.lang.String)[pri:0, instance:dataDriven.excelDataProvided.liverLogin@4659191b]" started-at="2023-03-10T10:27:40 PST" name="testCaseData" data-provider="driveTest" finished-at="2023-03-10T10:27:49 PST" duration-ms="9424" status="PASS">
          <params>
            <param index="0">
              <value>
                <![CDATA[https://dev-front.machetalk.jp/liver/]]>
              </value>
            </param>
            <param index="1">
              <value>
                <![CDATA[mt-2021-6@gmail.com]]>
              </value>
            </param>
            <param index="2">
              <value>
                <![CDATA[admin]]>
              </value>
            </param>
          </params>
          <reporter-output>
          </reporter-output>
        </test-method> <!-- testCaseData -->
        <test-method signature="testCaseData(java.lang.String,java.lang.String,java.lang.String)[pri:0, instance:dataDriven.excelDataProvided.liverLogin@4659191b]" started-at="2023-03-10T10:27:49 PST" name="testCaseData" data-provider="driveTest" finished-at="2023-03-10T10:28:03 PST" duration-ms="13761" status="PASS">
          <params>
            <param index="0">
              <value>
                <![CDATA[https://dev-front.machetalk.jp/liver/]]>
              </value>
            </param>
            <param index="1">
              <value>
                <![CDATA[mt-2021-7@gmail.com]]>
              </value>
            </param>
            <param index="2">
              <value>
                <![CDATA[admin]]>
              </value>
            </param>
          </params>
          <reporter-output>
          </reporter-output>
        </test-method> <!-- testCaseData -->
        <test-method signature="testCaseData(java.lang.String,java.lang.String,java.lang.String)[pri:0, instance:dataDriven.excelDataProvided.liverLogin@4659191b]" started-at="2023-03-10T10:28:03 PST" name="testCaseData" data-provider="driveTest" finished-at="2023-03-10T10:28:18 PST" duration-ms="14748" status="PASS">
          <params>
            <param index="0">
              <value>
                <![CDATA[https://dev-front.machetalk.jp/liver/]]>
              </value>
            </param>
            <param index="1">
              <value>
                <![CDATA[mt-2021-8@gmail.com]]>
              </value>
            </param>
            <param index="2">
              <value>
                <![CDATA[admin]]>
              </value>
            </param>
          </params>
          <reporter-output>
          </reporter-output>
        </test-method> <!-- testCaseData -->
        <test-method signature="testCaseData(java.lang.String,java.lang.String,java.lang.String)[pri:0, instance:dataDriven.excelDataProvided.liverLogin@4659191b]" started-at="2023-03-10T10:28:18 PST" name="testCaseData" data-provider="driveTest" finished-at="2023-03-10T10:28:33 PST" duration-ms="15220" status="PASS">
          <params>
            <param index="0">
              <value>
                <![CDATA[https://dev-front.machetalk.jp/liver/]]>
              </value>
            </param>
            <param index="1">
              <value>
                <![CDATA[mt-2021-9@gmail.com]]>
              </value>
            </param>
            <param index="2">
              <value>
                <![CDATA[admin]]>
              </value>
            </param>
          </params>
          <reporter-output>
          </reporter-output>
        </test-method> <!-- testCaseData -->
        <test-method signature="testCaseData(java.lang.String,java.lang.String,java.lang.String)[pri:0, instance:dataDriven.excelDataProvided.liverLogin@4659191b]" started-at="2023-03-10T10:28:33 PST" name="testCaseData" data-provider="driveTest" finished-at="2023-03-10T10:28:46 PST" duration-ms="13297" status="PASS">
          <params>
            <param index="0">
              <value>
                <![CDATA[https://dev-front.machetalk.jp/liver/]]>
              </value>
            </param>
            <param index="1">
              <value>
                <![CDATA[mt-2021-10@gmail.com]]>
              </value>
            </param>
            <param index="2">
              <value>
                <![CDATA[admin]]>
              </value>
            </param>
          </params>
          <reporter-output>
          </reporter-output>
        </test-method> <!-- testCaseData -->
        <test-method signature="testCaseData(java.lang.String,java.lang.String,java.lang.String)[pri:0, instance:dataDriven.excelDataProvided.liverLogin@4659191b]" started-at="2023-03-10T10:28:46 PST" name="testCaseData" data-provider="driveTest" finished-at="2023-03-10T10:29:01 PST" duration-ms="14564" status="PASS">
          <params>
            <param index="0">
              <value>
                <![CDATA[https://dev-front.machetalk.jp/liver/]]>
              </value>
            </param>
            <param index="1">
              <value>
                <![CDATA[mt-2021-11@gmail.com]]>
              </value>
            </param>
            <param index="2">
              <value>
                <![CDATA[admin]]>
              </value>
            </param>
          </params>
          <reporter-output>
          </reporter-output>
        </test-method> <!-- testCaseData -->
        <test-method signature="testCaseData(java.lang.String,java.lang.String,java.lang.String)[pri:0, instance:dataDriven.excelDataProvided.liverLogin@4659191b]" started-at="2023-03-10T10:29:01 PST" name="testCaseData" data-provider="driveTest" finished-at="2023-03-10T10:29:10 PST" duration-ms="8630" status="PASS">
          <params>
            <param index="0">
              <value>
                <![CDATA[https://dev-front.machetalk.jp/liver/]]>
              </value>
            </param>
            <param index="1">
              <value>
                <![CDATA[mt-2021-12@gmail.com]]>
              </value>
            </param>
            <param index="2">
              <value>
                <![CDATA[admin]]>
              </value>
            </param>
          </params>
          <reporter-output>
          </reporter-output>
        </test-method> <!-- testCaseData -->
        <test-method signature="testCaseData(java.lang.String,java.lang.String,java.lang.String)[pri:0, instance:dataDriven.excelDataProvided.liverLogin@4659191b]" started-at="2023-03-10T10:29:10 PST" name="testCaseData" data-provider="driveTest" finished-at="2023-03-10T10:29:18 PST" duration-ms="8493" status="PASS">
          <params>
            <param index="0">
              <value>
                <![CDATA[https://dev-front.machetalk.jp/liver/]]>
              </value>
            </param>
            <param index="1">
              <value>
                <![CDATA[mt-2021-13@gmail.com]]>
              </value>
            </param>
            <param index="2">
              <value>
                <![CDATA[admin]]>
              </value>
            </param>
          </params>
          <reporter-output>
          </reporter-output>
        </test-method> <!-- testCaseData -->
        <test-method signature="testCaseData(java.lang.String,java.lang.String,java.lang.String)[pri:0, instance:dataDriven.excelDataProvided.liverLogin@4659191b]" started-at="2023-03-10T10:29:18 PST" name="testCaseData" data-provider="driveTest" finished-at="2023-03-10T10:29:26 PST" duration-ms="8337" status="PASS">
          <params>
            <param index="0">
              <value>
                <![CDATA[https://dev-front.machetalk.jp/liver/]]>
              </value>
            </param>
            <param index="1">
              <value>
                <![CDATA[mt-2021-14@gmail.com]]>
              </value>
            </param>
            <param index="2">
              <value>
                <![CDATA[admin]]>
              </value>
            </param>
          </params>
          <reporter-output>
          </reporter-output>
        </test-method> <!-- testCaseData -->
        <test-method signature="testCaseData(java.lang.String,java.lang.String,java.lang.String)[pri:0, instance:dataDriven.excelDataProvided.liverLogin@4659191b]" started-at="2023-03-10T10:29:26 PST" name="testCaseData" data-provider="driveTest" finished-at="2023-03-10T10:29:40 PST" duration-ms="13824" status="PASS">
          <params>
            <param index="0">
              <value>
                <![CDATA[https://dev-front.machetalk.jp/liver/]]>
              </value>
            </param>
            <param index="1">
              <value>
                <![CDATA[mt-2021-15@gmail.com]]>
              </value>
            </param>
            <param index="2">
              <value>
                <![CDATA[admin]]>
              </value>
            </param>
          </params>
          <reporter-output>
          </reporter-output>
        </test-method> <!-- testCaseData -->
        <test-method signature="testCaseData(java.lang.String,java.lang.String,java.lang.String)[pri:0, instance:dataDriven.excelDataProvided.liverLogin@4659191b]" started-at="2023-03-10T10:29:40 PST" name="testCaseData" data-provider="driveTest" finished-at="2023-03-10T10:29:49 PST" duration-ms="8264" status="PASS">
          <params>
            <param index="0">
              <value>
                <![CDATA[https://dev-front.machetalk.jp/liver/]]>
              </value>
            </param>
            <param index="1">
              <value>
                <![CDATA[mt-2021-16@gmail.com]]>
              </value>
            </param>
            <param index="2">
              <value>
                <![CDATA[admin]]>
              </value>
            </param>
          </params>
          <reporter-output>
          </reporter-output>
        </test-method> <!-- testCaseData -->
        <test-method signature="testCaseData(java.lang.String,java.lang.String,java.lang.String)[pri:0, instance:dataDriven.excelDataProvided.liverLogin@4659191b]" started-at="2023-03-10T10:29:49 PST" name="testCaseData" data-provider="driveTest" finished-at="2023-03-10T10:30:02 PST" duration-ms="13839" status="PASS">
          <params>
            <param index="0">
              <value>
                <![CDATA[https://dev-front.machetalk.jp/liver/]]>
              </value>
            </param>
            <param index="1">
              <value>
                <![CDATA[mt-2021-17@gmail.com]]>
              </value>
            </param>
            <param index="2">
              <value>
                <![CDATA[admin]]>
              </value>
            </param>
          </params>
          <reporter-output>
          </reporter-output>
        </test-method> <!-- testCaseData -->
        <test-method signature="testCaseData(java.lang.String,java.lang.String,java.lang.String)[pri:0, instance:dataDriven.excelDataProvided.liverLogin@4659191b]" started-at="2023-03-10T10:30:02 PST" name="testCaseData" data-provider="driveTest" finished-at="2023-03-10T10:30:12 PST" duration-ms="9395" status="PASS">
          <params>
            <param index="0">
              <value>
                <![CDATA[https://dev-front.machetalk.jp/liver/]]>
              </value>
            </param>
            <param index="1">
              <value>
                <![CDATA[mt-2021-18@gmail.com]]>
              </value>
            </param>
            <param index="2">
              <value>
                <![CDATA[admin]]>
              </value>
            </param>
          </params>
          <reporter-output>
          </reporter-output>
        </test-method> <!-- testCaseData -->
        <test-method signature="testCaseData(java.lang.String,java.lang.String,java.lang.String)[pri:0, instance:dataDriven.excelDataProvided.liverLogin@4659191b]" started-at="2023-03-10T10:30:12 PST" name="testCaseData" data-provider="driveTest" finished-at="2023-03-10T10:30:27 PST" duration-ms="14734" status="PASS">
          <params>
            <param index="0">
              <value>
                <![CDATA[https://dev-front.machetalk.jp/liver/]]>
              </value>
            </param>
            <param index="1">
              <value>
                <![CDATA[mt-2021-19@gmail.com]]>
              </value>
            </param>
            <param index="2">
              <value>
                <![CDATA[admin]]>
              </value>
            </param>
          </params>
          <reporter-output>
          </reporter-output>
        </test-method> <!-- testCaseData -->
        <test-method signature="testCaseData(java.lang.String,java.lang.String,java.lang.String)[pri:0, instance:dataDriven.excelDataProvided.liverLogin@4659191b]" started-at="2023-03-10T10:30:27 PST" name="testCaseData" data-provider="driveTest" finished-at="2023-03-10T10:30:42 PST" duration-ms="15229" status="PASS">
          <params>
            <param index="0">
              <value>
                <![CDATA[https://dev-front.machetalk.jp/liver/]]>
              </value>
            </param>
            <param index="1">
              <value>
                <![CDATA[mt-2021-20@gmail.com]]>
              </value>
            </param>
            <param index="2">
              <value>
                <![CDATA[admin]]>
              </value>
            </param>
          </params>
          <reporter-output>
          </reporter-output>
        </test-method> <!-- testCaseData -->
        <test-method signature="testCaseData(java.lang.String,java.lang.String,java.lang.String)[pri:0, instance:dataDriven.excelDataProvided.liverLogin@4659191b]" started-at="2023-03-10T10:30:42 PST" name="testCaseData" data-provider="driveTest" finished-at="2023-03-10T10:30:56 PST" duration-ms="14407" status="PASS">
          <params>
            <param index="0">
              <value>
                <![CDATA[https://dev-front.machetalk.jp/liver/]]>
              </value>
            </param>
            <param index="1">
              <value>
                <![CDATA[mt-2021-21@gmail.com]]>
              </value>
            </param>
            <param index="2">
              <value>
                <![CDATA[admin]]>
              </value>
            </param>
          </params>
          <reporter-output>
          </reporter-output>
        </test-method> <!-- testCaseData -->
        <test-method signature="testCaseData(java.lang.String,java.lang.String,java.lang.String)[pri:0, instance:dataDriven.excelDataProvided.liverLogin@4659191b]" started-at="2023-03-10T10:30:56 PST" name="testCaseData" data-provider="driveTest" finished-at="2023-03-10T10:31:12 PST" duration-ms="15504" status="PASS">
          <params>
            <param index="0">
              <value>
                <![CDATA[https://dev-front.machetalk.jp/liver/]]>
              </value>
            </param>
            <param index="1">
              <value>
                <![CDATA[mt-2021-22@gmail.com]]>
              </value>
            </param>
            <param index="2">
              <value>
                <![CDATA[admin]]>
              </value>
            </param>
          </params>
          <reporter-output>
          </reporter-output>
        </test-method> <!-- testCaseData -->
        <test-method signature="testCaseData(java.lang.String,java.lang.String,java.lang.String)[pri:0, instance:dataDriven.excelDataProvided.liverLogin@4659191b]" started-at="2023-03-10T10:31:12 PST" name="testCaseData" data-provider="driveTest" finished-at="2023-03-10T10:31:27 PST" duration-ms="15757" status="PASS">
          <params>
            <param index="0">
              <value>
                <![CDATA[https://dev-front.machetalk.jp/liver/]]>
              </value>
            </param>
            <param index="1">
              <value>
                <![CDATA[mt-2021-23@gmail.com]]>
              </value>
            </param>
            <param index="2">
              <value>
                <![CDATA[admin]]>
              </value>
            </param>
          </params>
          <reporter-output>
          </reporter-output>
        </test-method> <!-- testCaseData -->
        <test-method signature="testCaseData(java.lang.String,java.lang.String,java.lang.String)[pri:0, instance:dataDriven.excelDataProvided.liverLogin@4659191b]" started-at="2023-03-10T10:31:27 PST" name="testCaseData" data-provider="driveTest" finished-at="2023-03-10T10:31:42 PST" duration-ms="14604" status="PASS">
          <params>
            <param index="0">
              <value>
                <![CDATA[https://dev-front.machetalk.jp/liver/]]>
              </value>
            </param>
            <param index="1">
              <value>
                <![CDATA[mt-2021-24@gmail.com]]>
              </value>
            </param>
            <param index="2">
              <value>
                <![CDATA[admin]]>
              </value>
            </param>
          </params>
          <reporter-output>
          </reporter-output>
        </test-method> <!-- testCaseData -->
        <test-method signature="testCaseData(java.lang.String,java.lang.String,java.lang.String)[pri:0, instance:dataDriven.excelDataProvided.liverLogin@4659191b]" started-at="2023-03-10T10:31:42 PST" name="testCaseData" data-provider="driveTest" finished-at="2023-03-10T10:31:57 PST" duration-ms="15191" status="PASS">
          <params>
            <param index="0">
              <value>
                <![CDATA[https://dev-front.machetalk.jp/liver/]]>
              </value>
            </param>
            <param index="1">
              <value>
                <![CDATA[mt-2021-25@gmail.com]]>
              </value>
            </param>
            <param index="2">
              <value>
                <![CDATA[admin]]>
              </value>
            </param>
          </params>
          <reporter-output>
          </reporter-output>
        </test-method> <!-- testCaseData -->
        <test-method signature="testCaseData(java.lang.String,java.lang.String,java.lang.String)[pri:0, instance:dataDriven.excelDataProvided.liverLogin@4659191b]" started-at="2023-03-10T10:31:57 PST" name="testCaseData" data-provider="driveTest" finished-at="2023-03-10T10:32:12 PST" duration-ms="15241" status="PASS">
          <params>
            <param index="0">
              <value>
                <![CDATA[https://dev-front.machetalk.jp/liver/]]>
              </value>
            </param>
            <param index="1">
              <value>
                <![CDATA[rktest1@gmail.com]]>
              </value>
            </param>
            <param index="2">
              <value>
                <![CDATA[admin]]>
              </value>
            </param>
          </params>
          <reporter-output>
          </reporter-output>
        </test-method> <!-- testCaseData -->
        <test-method signature="testCaseData(java.lang.String,java.lang.String,java.lang.String)[pri:0, instance:dataDriven.excelDataProvided.liverLogin@4659191b]" started-at="2023-03-10T10:32:12 PST" name="testCaseData" data-provider="driveTest" finished-at="2023-03-10T10:32:28 PST" duration-ms="15382" status="PASS">
          <params>
            <param index="0">
              <value>
                <![CDATA[https://dev-front.machetalk.jp/liver/]]>
              </value>
            </param>
            <param index="1">
              <value>
                <![CDATA[rktest2@gmail.com]]>
              </value>
            </param>
            <param index="2">
              <value>
                <![CDATA[admin]]>
              </value>
            </param>
          </params>
          <reporter-output>
          </reporter-output>
        </test-method> <!-- testCaseData -->
        <test-method signature="testCaseData(java.lang.String,java.lang.String,java.lang.String)[pri:0, instance:dataDriven.excelDataProvided.liverLogin@4659191b]" started-at="2023-03-10T10:32:28 PST" name="testCaseData" data-provider="driveTest" finished-at="2023-03-10T10:32:43 PST" duration-ms="15242" status="PASS">
          <params>
            <param index="0">
              <value>
                <![CDATA[https://dev-front.machetalk.jp/liver/]]>
              </value>
            </param>
            <param index="1">
              <value>
                <![CDATA[rktest3@gmail.com]]>
              </value>
            </param>
            <param index="2">
              <value>
                <![CDATA[admin]]>
              </value>
            </param>
          </params>
          <reporter-output>
          </reporter-output>
        </test-method> <!-- testCaseData -->
        <test-method signature="testCaseData(java.lang.String,java.lang.String,java.lang.String)[pri:0, instance:dataDriven.excelDataProvided.liverLogin@4659191b]" started-at="2023-03-10T10:32:43 PST" name="testCaseData" data-provider="driveTest" finished-at="2023-03-10T10:32:58 PST" duration-ms="14958" status="PASS">
          <params>
            <param index="0">
              <value>
                <![CDATA[https://dev-front.machetalk.jp/liver/]]>
              </value>
            </param>
            <param index="1">
              <value>
                <![CDATA[rktest4@gmail.com]]>
              </value>
            </param>
            <param index="2">
              <value>
                <![CDATA[admin]]>
              </value>
            </param>
          </params>
          <reporter-output>
          </reporter-output>
        </test-method> <!-- testCaseData -->
        <test-method signature="testCaseData(java.lang.String,java.lang.String,java.lang.String)[pri:0, instance:dataDriven.excelDataProvided.liverLogin@4659191b]" started-at="2023-03-10T10:32:58 PST" name="testCaseData" data-provider="driveTest" finished-at="2023-03-10T10:33:14 PST" duration-ms="15520" status="PASS">
          <params>
            <param index="0">
              <value>
                <![CDATA[https://dev-front.machetalk.jp/liver/]]>
              </value>
            </param>
            <param index="1">
              <value>
                <![CDATA[rktest5@gmail.com]]>
              </value>
            </param>
            <param index="2">
              <value>
                <![CDATA[admin]]>
              </value>
            </param>
          </params>
          <reporter-output>
          </reporter-output>
        </test-method> <!-- testCaseData -->
        <test-method signature="testCaseData(java.lang.String,java.lang.String,java.lang.String)[pri:0, instance:dataDriven.excelDataProvided.liverLogin@4659191b]" started-at="2023-03-10T10:33:14 PST" name="testCaseData" data-provider="driveTest" finished-at="2023-03-10T10:33:28 PST" duration-ms="14501" status="PASS">
          <params>
            <param index="0">
              <value>
                <![CDATA[https://dev-front.machetalk.jp/liver/]]>
              </value>
            </param>
            <param index="1">
              <value>
                <![CDATA[rktest6@gmail.com]]>
              </value>
            </param>
            <param index="2">
              <value>
                <![CDATA[admin]]>
              </value>
            </param>
          </params>
          <reporter-output>
          </reporter-output>
        </test-method> <!-- testCaseData -->
        <test-method signature="testCaseData(java.lang.String,java.lang.String,java.lang.String)[pri:0, instance:dataDriven.excelDataProvided.liverLogin@4659191b]" started-at="2023-03-10T10:33:28 PST" name="testCaseData" data-provider="driveTest" finished-at="2023-03-10T10:33:43 PST" duration-ms="14630" status="PASS">
          <params>
            <param index="0">
              <value>
                <![CDATA[https://dev-front.machetalk.jp/liver/]]>
              </value>
            </param>
            <param index="1">
              <value>
                <![CDATA[rktest7@gmail.com]]>
              </value>
            </param>
            <param index="2">
              <value>
                <![CDATA[admin]]>
              </value>
            </param>
          </params>
          <reporter-output>
          </reporter-output>
        </test-method> <!-- testCaseData -->
        <test-method signature="testCaseData(java.lang.String,java.lang.String,java.lang.String)[pri:0, instance:dataDriven.excelDataProvided.liverLogin@4659191b]" started-at="2023-03-10T10:33:43 PST" name="testCaseData" data-provider="driveTest" finished-at="2023-03-10T10:33:59 PST" duration-ms="15794" status="PASS">
          <params>
            <param index="0">
              <value>
                <![CDATA[https://dev-front.machetalk.jp/liver/]]>
              </value>
            </param>
            <param index="1">
              <value>
                <![CDATA[rktest8@gmail.com]]>
              </value>
            </param>
            <param index="2">
              <value>
                <![CDATA[admin]]>
              </value>
            </param>
          </params>
          <reporter-output>
          </reporter-output>
        </test-method> <!-- testCaseData -->
        <test-method signature="testCaseData(java.lang.String,java.lang.String,java.lang.String)[pri:0, instance:dataDriven.excelDataProvided.liverLogin@4659191b]" started-at="2023-03-10T10:33:59 PST" name="testCaseData" data-provider="driveTest" finished-at="2023-03-10T10:34:12 PST" duration-ms="13618" status="PASS">
          <params>
            <param index="0">
              <value>
                <![CDATA[https://dev-front.machetalk.jp/liver/]]>
              </value>
            </param>
            <param index="1">
              <value>
                <![CDATA[rktest9@gmail.com]]>
              </value>
            </param>
            <param index="2">
              <value>
                <![CDATA[admin]]>
              </value>
            </param>
          </params>
          <reporter-output>
          </reporter-output>
        </test-method> <!-- testCaseData -->
      </class> <!-- dataDriven.excelDataProvided.liverLogin -->
    </test> <!-- Default test -->
  </suite> <!-- Default suite -->
</testng-results>
