<?xml version="1.0" encoding="UTF-8"?>
<testng-results ignored="0" total="48" passed="48" failed="0" skipped="0">
  <reporter-output>
  </reporter-output>
  <suite started-at="2023-02-15T11:30:39 PST" name="Default suite" finished-at="2023-02-15T11:49:00 PST" duration-ms="1101213">
    <groups>
    </groups>
    <test started-at="2023-02-15T11:30:39 PST" name="Default test" finished-at="2023-02-15T11:49:00 PST" duration-ms="1101213">
      <class name="dataDriven.excelDataProvided.liverLogin">
        <test-method signature="testCaseData(java.lang.String,java.lang.String,java.lang.String)[pri:0, instance:dataDriven.excelDataProvided.liverLogin@1151e434]" started-at="2023-02-15T11:30:40 PST" name="testCaseData" data-provider="driveTest" finished-at="2023-02-15T11:30:59 PST" duration-ms="19513" status="PASS">
          <params>
            <param index="0">
              <value>
                <![CDATA[https://dev-front.machetalk.jp/liver/]]>
              </value>
            </param>
            <param index="1">
              <value>
                <![CDATA[2021-1@gmail.com]]>
              </value>
            </param>
            <param index="2">
              <value>
                <![CDATA[admin]]>
              </value>
            </param>
          </params>
          <reporter-output>
          </reporter-output>
        </test-method> <!-- testCaseData -->
        <test-method signature="testCaseData(java.lang.String,java.lang.String,java.lang.String)[pri:0, instance:dataDriven.excelDataProvided.liverLogin@1151e434]" started-at="2023-02-15T11:30:59 PST" name="testCaseData" data-provider="driveTest" finished-at="2023-02-15T11:31:22 PST" duration-ms="22889" status="PASS">
          <params>
            <param index="0">
              <value>
                <![CDATA[https://dev-front.machetalk.jp/liver/]]>
              </value>
            </param>
            <param index="1">
              <value>
                <![CDATA[2021-2@gmail.com]]>
              </value>
            </param>
            <param index="2">
              <value>
                <![CDATA[admin]]>
              </value>
            </param>
          </params>
          <reporter-output>
          </reporter-output>
        </test-method> <!-- testCaseData -->
        <test-method signature="testCaseData(java.lang.String,java.lang.String,java.lang.String)[pri:0, instance:dataDriven.excelDataProvided.liverLogin@1151e434]" started-at="2023-02-15T11:31:22 PST" name="testCaseData" data-provider="driveTest" finished-at="2023-02-15T11:31:43 PST" duration-ms="20981" status="PASS">
          <params>
            <param index="0">
              <value>
                <![CDATA[https://dev-front.machetalk.jp/liver/]]>
              </value>
            </param>
            <param index="1">
              <value>
                <![CDATA[2021-3@gmail.com]]>
              </value>
            </param>
            <param index="2">
              <value>
                <![CDATA[admin]]>
              </value>
            </param>
          </params>
          <reporter-output>
          </reporter-output>
        </test-method> <!-- testCaseData -->
        <test-method signature="testCaseData(java.lang.String,java.lang.String,java.lang.String)[pri:0, instance:dataDriven.excelDataProvided.liverLogin@1151e434]" started-at="2023-02-15T11:31:43 PST" name="testCaseData" data-provider="driveTest" finished-at="2023-02-15T11:32:04 PST" duration-ms="20698" status="PASS">
          <params>
            <param index="0">
              <value>
                <![CDATA[https://dev-front.machetalk.jp/liver/]]>
              </value>
            </param>
            <param index="1">
              <value>
                <![CDATA[2021-4@gmail.com]]>
              </value>
            </param>
            <param index="2">
              <value>
                <![CDATA[admin]]>
              </value>
            </param>
          </params>
          <reporter-output>
          </reporter-output>
        </test-method> <!-- testCaseData -->
        <test-method signature="testCaseData(java.lang.String,java.lang.String,java.lang.String)[pri:0, instance:dataDriven.excelDataProvided.liverLogin@1151e434]" started-at="2023-02-15T11:32:04 PST" name="testCaseData" data-provider="driveTest" finished-at="2023-02-15T11:32:19 PST" duration-ms="15475" status="PASS">
          <params>
            <param index="0">
              <value>
                <![CDATA[https://dev-front.machetalk.jp/liver/]]>
              </value>
            </param>
            <param index="1">
              <value>
                <![CDATA[2021-5@gmail.com]]>
              </value>
            </param>
            <param index="2">
              <value>
                <![CDATA[admin]]>
              </value>
            </param>
          </params>
          <reporter-output>
          </reporter-output>
        </test-method> <!-- testCaseData -->
        <test-method signature="testCaseData(java.lang.String,java.lang.String,java.lang.String)[pri:0, instance:dataDriven.excelDataProvided.liverLogin@1151e434]" started-at="2023-02-15T11:32:19 PST" name="testCaseData" data-provider="driveTest" finished-at="2023-02-15T11:32:40 PST" duration-ms="20795" status="PASS">
          <params>
            <param index="0">
              <value>
                <![CDATA[https://dev-front.machetalk.jp/liver/]]>
              </value>
            </param>
            <param index="1">
              <value>
                <![CDATA[2021-6@gmail.com]]>
              </value>
            </param>
            <param index="2">
              <value>
                <![CDATA[admin]]>
              </value>
            </param>
          </params>
          <reporter-output>
          </reporter-output>
        </test-method> <!-- testCaseData -->
        <test-method signature="testCaseData(java.lang.String,java.lang.String,java.lang.String)[pri:0, instance:dataDriven.excelDataProvided.liverLogin@1151e434]" started-at="2023-02-15T11:32:40 PST" name="testCaseData" data-provider="driveTest" finished-at="2023-02-15T11:33:01 PST" duration-ms="20778" status="PASS">
          <params>
            <param index="0">
              <value>
                <![CDATA[https://dev-front.machetalk.jp/liver/]]>
              </value>
            </param>
            <param index="1">
              <value>
                <![CDATA[2021-7@gmail.com]]>
              </value>
            </param>
            <param index="2">
              <value>
                <![CDATA[admin]]>
              </value>
            </param>
          </params>
          <reporter-output>
          </reporter-output>
        </test-method> <!-- testCaseData -->
        <test-method signature="testCaseData(java.lang.String,java.lang.String,java.lang.String)[pri:0, instance:dataDriven.excelDataProvided.liverLogin@1151e434]" started-at="2023-02-15T11:33:01 PST" name="testCaseData" data-provider="driveTest" finished-at="2023-02-15T11:34:12 PST" duration-ms="70819" status="PASS">
          <params>
            <param index="0">
              <value>
                <![CDATA[https://dev-front.machetalk.jp/liver/]]>
              </value>
            </param>
            <param index="1">
              <value>
                <![CDATA[2021-8@gmail.com]]>
              </value>
            </param>
            <param index="2">
              <value>
                <![CDATA[admin]]>
              </value>
            </param>
          </params>
          <reporter-output>
          </reporter-output>
        </test-method> <!-- testCaseData -->
        <test-method signature="testCaseData(java.lang.String,java.lang.String,java.lang.String)[pri:0, instance:dataDriven.excelDataProvided.liverLogin@1151e434]" started-at="2023-02-15T11:34:12 PST" name="testCaseData" data-provider="driveTest" finished-at="2023-02-15T11:34:46 PST" duration-ms="34000" status="PASS">
          <params>
            <param index="0">
              <value>
                <![CDATA[https://dev-front.machetalk.jp/liver/]]>
              </value>
            </param>
            <param index="1">
              <value>
                <![CDATA[2021-9@gmail.com]]>
              </value>
            </param>
            <param index="2">
              <value>
                <![CDATA[admin]]>
              </value>
            </param>
          </params>
          <reporter-output>
          </reporter-output>
        </test-method> <!-- testCaseData -->
        <test-method signature="testCaseData(java.lang.String,java.lang.String,java.lang.String)[pri:0, instance:dataDriven.excelDataProvided.liverLogin@1151e434]" started-at="2023-02-15T11:34:46 PST" name="testCaseData" data-provider="driveTest" finished-at="2023-02-15T11:35:09 PST" duration-ms="22964" status="PASS">
          <params>
            <param index="0">
              <value>
                <![CDATA[https://dev-front.machetalk.jp/liver/]]>
              </value>
            </param>
            <param index="1">
              <value>
                <![CDATA[2021-10@gmail.com]]>
              </value>
            </param>
            <param index="2">
              <value>
                <![CDATA[admin]]>
              </value>
            </param>
          </params>
          <reporter-output>
          </reporter-output>
        </test-method> <!-- testCaseData -->
        <test-method signature="testCaseData(java.lang.String,java.lang.String,java.lang.String)[pri:0, instance:dataDriven.excelDataProvided.liverLogin@1151e434]" started-at="2023-02-15T11:35:09 PST" name="testCaseData" data-provider="driveTest" finished-at="2023-02-15T11:35:31 PST" duration-ms="22422" status="PASS">
          <params>
            <param index="0">
              <value>
                <![CDATA[https://dev-front.machetalk.jp/liver/]]>
              </value>
            </param>
            <param index="1">
              <value>
                <![CDATA[2021-11@gmail.com]]>
              </value>
            </param>
            <param index="2">
              <value>
                <![CDATA[admin]]>
              </value>
            </param>
          </params>
          <reporter-output>
          </reporter-output>
        </test-method> <!-- testCaseData -->
        <test-method signature="testCaseData(java.lang.String,java.lang.String,java.lang.String)[pri:0, instance:dataDriven.excelDataProvided.liverLogin@1151e434]" started-at="2023-02-15T11:35:31 PST" name="testCaseData" data-provider="driveTest" finished-at="2023-02-15T11:35:56 PST" duration-ms="25037" status="PASS">
          <params>
            <param index="0">
              <value>
                <![CDATA[https://dev-front.machetalk.jp/liver/]]>
              </value>
            </param>
            <param index="1">
              <value>
                <![CDATA[2021-12@gmail.com]]>
              </value>
            </param>
            <param index="2">
              <value>
                <![CDATA[admin]]>
              </value>
            </param>
          </params>
          <reporter-output>
          </reporter-output>
        </test-method> <!-- testCaseData -->
        <test-method signature="testCaseData(java.lang.String,java.lang.String,java.lang.String)[pri:0, instance:dataDriven.excelDataProvided.liverLogin@1151e434]" started-at="2023-02-15T11:35:56 PST" name="testCaseData" data-provider="driveTest" finished-at="2023-02-15T11:36:34 PST" duration-ms="37716" status="PASS">
          <params>
            <param index="0">
              <value>
                <![CDATA[https://dev-front.machetalk.jp/liver/]]>
              </value>
            </param>
            <param index="1">
              <value>
                <![CDATA[2021-13@gmail.com]]>
              </value>
            </param>
            <param index="2">
              <value>
                <![CDATA[admin]]>
              </value>
            </param>
          </params>
          <reporter-output>
          </reporter-output>
        </test-method> <!-- testCaseData -->
        <test-method signature="testCaseData(java.lang.String,java.lang.String,java.lang.String)[pri:0, instance:dataDriven.excelDataProvided.liverLogin@1151e434]" started-at="2023-02-15T11:36:34 PST" name="testCaseData" data-provider="driveTest" finished-at="2023-02-15T11:36:57 PST" duration-ms="23029" status="PASS">
          <params>
            <param index="0">
              <value>
                <![CDATA[https://dev-front.machetalk.jp/liver/]]>
              </value>
            </param>
            <param index="1">
              <value>
                <![CDATA[2021-14@gmail.com]]>
              </value>
            </param>
            <param index="2">
              <value>
                <![CDATA[admin]]>
              </value>
            </param>
          </params>
          <reporter-output>
          </reporter-output>
        </test-method> <!-- testCaseData -->
        <test-method signature="testCaseData(java.lang.String,java.lang.String,java.lang.String)[pri:0, instance:dataDriven.excelDataProvided.liverLogin@1151e434]" started-at="2023-02-15T11:36:57 PST" name="testCaseData" data-provider="driveTest" finished-at="2023-02-15T11:37:20 PST" duration-ms="22935" status="PASS">
          <params>
            <param index="0">
              <value>
                <![CDATA[https://dev-front.machetalk.jp/liver/]]>
              </value>
            </param>
            <param index="1">
              <value>
                <![CDATA[mt-2021-1@gmail.com]]>
              </value>
            </param>
            <param index="2">
              <value>
                <![CDATA[admin]]>
              </value>
            </param>
          </params>
          <reporter-output>
          </reporter-output>
        </test-method> <!-- testCaseData -->
        <test-method signature="testCaseData(java.lang.String,java.lang.String,java.lang.String)[pri:0, instance:dataDriven.excelDataProvided.liverLogin@1151e434]" started-at="2023-02-15T11:37:20 PST" name="testCaseData" data-provider="driveTest" finished-at="2023-02-15T11:37:42 PST" duration-ms="21911" status="PASS">
          <params>
            <param index="0">
              <value>
                <![CDATA[https://dev-front.machetalk.jp/liver/]]>
              </value>
            </param>
            <param index="1">
              <value>
                <![CDATA[mt-2021-2@gmail.com]]>
              </value>
            </param>
            <param index="2">
              <value>
                <![CDATA[admin]]>
              </value>
            </param>
          </params>
          <reporter-output>
          </reporter-output>
        </test-method> <!-- testCaseData -->
        <test-method signature="testCaseData(java.lang.String,java.lang.String,java.lang.String)[pri:0, instance:dataDriven.excelDataProvided.liverLogin@1151e434]" started-at="2023-02-15T11:37:42 PST" name="testCaseData" data-provider="driveTest" finished-at="2023-02-15T11:38:10 PST" duration-ms="28621" status="PASS">
          <params>
            <param index="0">
              <value>
                <![CDATA[https://dev-front.machetalk.jp/liver/]]>
              </value>
            </param>
            <param index="1">
              <value>
                <![CDATA[mt-2021-3@gmail.com]]>
              </value>
            </param>
            <param index="2">
              <value>
                <![CDATA[admin]]>
              </value>
            </param>
          </params>
          <reporter-output>
          </reporter-output>
        </test-method> <!-- testCaseData -->
        <test-method signature="testCaseData(java.lang.String,java.lang.String,java.lang.String)[pri:0, instance:dataDriven.excelDataProvided.liverLogin@1151e434]" started-at="2023-02-15T11:38:10 PST" name="testCaseData" data-provider="driveTest" finished-at="2023-02-15T11:38:38 PST" duration-ms="28055" status="PASS">
          <params>
            <param index="0">
              <value>
                <![CDATA[https://dev-front.machetalk.jp/liver/]]>
              </value>
            </param>
            <param index="1">
              <value>
                <![CDATA[mt-2021-4@gmail.com]]>
              </value>
            </param>
            <param index="2">
              <value>
                <![CDATA[admin]]>
              </value>
            </param>
          </params>
          <reporter-output>
          </reporter-output>
        </test-method> <!-- testCaseData -->
        <test-method signature="testCaseData(java.lang.String,java.lang.String,java.lang.String)[pri:0, instance:dataDriven.excelDataProvided.liverLogin@1151e434]" started-at="2023-02-15T11:38:38 PST" name="testCaseData" data-provider="driveTest" finished-at="2023-02-15T11:39:03 PST" duration-ms="24079" status="PASS">
          <params>
            <param index="0">
              <value>
                <![CDATA[https://dev-front.machetalk.jp/liver/]]>
              </value>
            </param>
            <param index="1">
              <value>
                <![CDATA[mt-2021-5@gmail.com]]>
              </value>
            </param>
            <param index="2">
              <value>
                <![CDATA[admin]]>
              </value>
            </param>
          </params>
          <reporter-output>
          </reporter-output>
        </test-method> <!-- testCaseData -->
        <test-method signature="testCaseData(java.lang.String,java.lang.String,java.lang.String)[pri:0, instance:dataDriven.excelDataProvided.liverLogin@1151e434]" started-at="2023-02-15T11:39:03 PST" name="testCaseData" data-provider="driveTest" finished-at="2023-02-15T11:39:24 PST" duration-ms="21547" status="PASS">
          <params>
            <param index="0">
              <value>
                <![CDATA[https://dev-front.machetalk.jp/liver/]]>
              </value>
            </param>
            <param index="1">
              <value>
                <![CDATA[mt-2021-6@gmail.com]]>
              </value>
            </param>
            <param index="2">
              <value>
                <![CDATA[admin]]>
              </value>
            </param>
          </params>
          <reporter-output>
          </reporter-output>
        </test-method> <!-- testCaseData -->
        <test-method signature="testCaseData(java.lang.String,java.lang.String,java.lang.String)[pri:0, instance:dataDriven.excelDataProvided.liverLogin@1151e434]" started-at="2023-02-15T11:39:24 PST" name="testCaseData" data-provider="driveTest" finished-at="2023-02-15T11:39:44 PST" duration-ms="20157" status="PASS">
          <params>
            <param index="0">
              <value>
                <![CDATA[https://dev-front.machetalk.jp/liver/]]>
              </value>
            </param>
            <param index="1">
              <value>
                <![CDATA[mt-2021-7@gmail.com]]>
              </value>
            </param>
            <param index="2">
              <value>
                <![CDATA[admin]]>
              </value>
            </param>
          </params>
          <reporter-output>
          </reporter-output>
        </test-method> <!-- testCaseData -->
        <test-method signature="testCaseData(java.lang.String,java.lang.String,java.lang.String)[pri:0, instance:dataDriven.excelDataProvided.liverLogin@1151e434]" started-at="2023-02-15T11:39:44 PST" name="testCaseData" data-provider="driveTest" finished-at="2023-02-15T11:40:05 PST" duration-ms="20943" status="PASS">
          <params>
            <param index="0">
              <value>
                <![CDATA[https://dev-front.machetalk.jp/liver/]]>
              </value>
            </param>
            <param index="1">
              <value>
                <![CDATA[mt-2021-8@gmail.com]]>
              </value>
            </param>
            <param index="2">
              <value>
                <![CDATA[admin]]>
              </value>
            </param>
          </params>
          <reporter-output>
          </reporter-output>
        </test-method> <!-- testCaseData -->
        <test-method signature="testCaseData(java.lang.String,java.lang.String,java.lang.String)[pri:0, instance:dataDriven.excelDataProvided.liverLogin@1151e434]" started-at="2023-02-15T11:40:05 PST" name="testCaseData" data-provider="driveTest" finished-at="2023-02-15T11:40:25 PST" duration-ms="20051" status="PASS">
          <params>
            <param index="0">
              <value>
                <![CDATA[https://dev-front.machetalk.jp/liver/]]>
              </value>
            </param>
            <param index="1">
              <value>
                <![CDATA[mt-2021-9@gmail.com]]>
              </value>
            </param>
            <param index="2">
              <value>
                <![CDATA[admin]]>
              </value>
            </param>
          </params>
          <reporter-output>
          </reporter-output>
        </test-method> <!-- testCaseData -->
        <test-method signature="testCaseData(java.lang.String,java.lang.String,java.lang.String)[pri:0, instance:dataDriven.excelDataProvided.liverLogin@1151e434]" started-at="2023-02-15T11:40:25 PST" name="testCaseData" data-provider="driveTest" finished-at="2023-02-15T11:40:45 PST" duration-ms="19324" status="PASS">
          <params>
            <param index="0">
              <value>
                <![CDATA[https://dev-front.machetalk.jp/liver/]]>
              </value>
            </param>
            <param index="1">
              <value>
                <![CDATA[mt-2021-10@gmail.com]]>
              </value>
            </param>
            <param index="2">
              <value>
                <![CDATA[admin]]>
              </value>
            </param>
          </params>
          <reporter-output>
          </reporter-output>
        </test-method> <!-- testCaseData -->
        <test-method signature="testCaseData(java.lang.String,java.lang.String,java.lang.String)[pri:0, instance:dataDriven.excelDataProvided.liverLogin@1151e434]" started-at="2023-02-15T11:40:45 PST" name="testCaseData" data-provider="driveTest" finished-at="2023-02-15T11:41:05 PST" duration-ms="20205" status="PASS">
          <params>
            <param index="0">
              <value>
                <![CDATA[https://dev-front.machetalk.jp/liver/]]>
              </value>
            </param>
            <param index="1">
              <value>
                <![CDATA[mt-2021-11@gmail.com]]>
              </value>
            </param>
            <param index="2">
              <value>
                <![CDATA[admin]]>
              </value>
            </param>
          </params>
          <reporter-output>
          </reporter-output>
        </test-method> <!-- testCaseData -->
        <test-method signature="testCaseData(java.lang.String,java.lang.String,java.lang.String)[pri:0, instance:dataDriven.excelDataProvided.liverLogin@1151e434]" started-at="2023-02-15T11:41:05 PST" name="testCaseData" data-provider="driveTest" finished-at="2023-02-15T11:41:26 PST" duration-ms="21204" status="PASS">
          <params>
            <param index="0">
              <value>
                <![CDATA[https://dev-front.machetalk.jp/liver/]]>
              </value>
            </param>
            <param index="1">
              <value>
                <![CDATA[mt-2021-12@gmail.com]]>
              </value>
            </param>
            <param index="2">
              <value>
                <![CDATA[admin]]>
              </value>
            </param>
          </params>
          <reporter-output>
          </reporter-output>
        </test-method> <!-- testCaseData -->
        <test-method signature="testCaseData(java.lang.String,java.lang.String,java.lang.String)[pri:0, instance:dataDriven.excelDataProvided.liverLogin@1151e434]" started-at="2023-02-15T11:41:26 PST" name="testCaseData" data-provider="driveTest" finished-at="2023-02-15T11:41:45 PST" duration-ms="19152" status="PASS">
          <params>
            <param index="0">
              <value>
                <![CDATA[https://dev-front.machetalk.jp/liver/]]>
              </value>
            </param>
            <param index="1">
              <value>
                <![CDATA[mt-2021-13@gmail.com]]>
              </value>
            </param>
            <param index="2">
              <value>
                <![CDATA[admin]]>
              </value>
            </param>
          </params>
          <reporter-output>
          </reporter-output>
        </test-method> <!-- testCaseData -->
        <test-method signature="testCaseData(java.lang.String,java.lang.String,java.lang.String)[pri:0, instance:dataDriven.excelDataProvided.liverLogin@1151e434]" started-at="2023-02-15T11:41:45 PST" name="testCaseData" data-provider="driveTest" finished-at="2023-02-15T11:42:04 PST" duration-ms="18604" status="PASS">
          <params>
            <param index="0">
              <value>
                <![CDATA[https://dev-front.machetalk.jp/liver/]]>
              </value>
            </param>
            <param index="1">
              <value>
                <![CDATA[mt-2021-14@gmail.com]]>
              </value>
            </param>
            <param index="2">
              <value>
                <![CDATA[admin]]>
              </value>
            </param>
          </params>
          <reporter-output>
          </reporter-output>
        </test-method> <!-- testCaseData -->
        <test-method signature="testCaseData(java.lang.String,java.lang.String,java.lang.String)[pri:0, instance:dataDriven.excelDataProvided.liverLogin@1151e434]" started-at="2023-02-15T11:42:04 PST" name="testCaseData" data-provider="driveTest" finished-at="2023-02-15T11:42:23 PST" duration-ms="18803" status="PASS">
          <params>
            <param index="0">
              <value>
                <![CDATA[https://dev-front.machetalk.jp/liver/]]>
              </value>
            </param>
            <param index="1">
              <value>
                <![CDATA[mt-2021-15@gmail.com]]>
              </value>
            </param>
            <param index="2">
              <value>
                <![CDATA[admin]]>
              </value>
            </param>
          </params>
          <reporter-output>
          </reporter-output>
        </test-method> <!-- testCaseData -->
        <test-method signature="testCaseData(java.lang.String,java.lang.String,java.lang.String)[pri:0, instance:dataDriven.excelDataProvided.liverLogin@1151e434]" started-at="2023-02-15T11:42:23 PST" name="testCaseData" data-provider="driveTest" finished-at="2023-02-15T11:42:38 PST" duration-ms="15658" status="PASS">
          <params>
            <param index="0">
              <value>
                <![CDATA[https://dev-front.machetalk.jp/liver/]]>
              </value>
            </param>
            <param index="1">
              <value>
                <![CDATA[mt-2021-16@gmail.com]]>
              </value>
            </param>
            <param index="2">
              <value>
                <![CDATA[admin]]>
              </value>
            </param>
          </params>
          <reporter-output>
          </reporter-output>
        </test-method> <!-- testCaseData -->
        <test-method signature="testCaseData(java.lang.String,java.lang.String,java.lang.String)[pri:0, instance:dataDriven.excelDataProvided.liverLogin@1151e434]" started-at="2023-02-15T11:42:38 PST" name="testCaseData" data-provider="driveTest" finished-at="2023-02-15T11:42:58 PST" duration-ms="19452" status="PASS">
          <params>
            <param index="0">
              <value>
                <![CDATA[https://dev-front.machetalk.jp/liver/]]>
              </value>
            </param>
            <param index="1">
              <value>
                <![CDATA[mt-2021-17@gmail.com]]>
              </value>
            </param>
            <param index="2">
              <value>
                <![CDATA[admin]]>
              </value>
            </param>
          </params>
          <reporter-output>
          </reporter-output>
        </test-method> <!-- testCaseData -->
        <test-method signature="testCaseData(java.lang.String,java.lang.String,java.lang.String)[pri:0, instance:dataDriven.excelDataProvided.liverLogin@1151e434]" started-at="2023-02-15T11:42:58 PST" name="testCaseData" data-provider="driveTest" finished-at="2023-02-15T11:43:21 PST" duration-ms="22997" status="PASS">
          <params>
            <param index="0">
              <value>
                <![CDATA[https://dev-front.machetalk.jp/liver/]]>
              </value>
            </param>
            <param index="1">
              <value>
                <![CDATA[mt-2021-18@gmail.com]]>
              </value>
            </param>
            <param index="2">
              <value>
                <![CDATA[admin]]>
              </value>
            </param>
          </params>
          <reporter-output>
          </reporter-output>
        </test-method> <!-- testCaseData -->
        <test-method signature="testCaseData(java.lang.String,java.lang.String,java.lang.String)[pri:0, instance:dataDriven.excelDataProvided.liverLogin@1151e434]" started-at="2023-02-15T11:43:21 PST" name="testCaseData" data-provider="driveTest" finished-at="2023-02-15T11:43:36 PST" duration-ms="15770" status="PASS">
          <params>
            <param index="0">
              <value>
                <![CDATA[https://dev-front.machetalk.jp/liver/]]>
              </value>
            </param>
            <param index="1">
              <value>
                <![CDATA[mt-2021-19@gmail.com]]>
              </value>
            </param>
            <param index="2">
              <value>
                <![CDATA[admin]]>
              </value>
            </param>
          </params>
          <reporter-output>
          </reporter-output>
        </test-method> <!-- testCaseData -->
        <test-method signature="testCaseData(java.lang.String,java.lang.String,java.lang.String)[pri:0, instance:dataDriven.excelDataProvided.liverLogin@1151e434]" started-at="2023-02-15T11:43:36 PST" name="testCaseData" data-provider="driveTest" finished-at="2023-02-15T11:43:54 PST" duration-ms="17134" status="PASS">
          <params>
            <param index="0">
              <value>
                <![CDATA[https://dev-front.machetalk.jp/liver/]]>
              </value>
            </param>
            <param index="1">
              <value>
                <![CDATA[mt-2021-20@gmail.com]]>
              </value>
            </param>
            <param index="2">
              <value>
                <![CDATA[admin]]>
              </value>
            </param>
          </params>
          <reporter-output>
          </reporter-output>
        </test-method> <!-- testCaseData -->
        <test-method signature="testCaseData(java.lang.String,java.lang.String,java.lang.String)[pri:0, instance:dataDriven.excelDataProvided.liverLogin@1151e434]" started-at="2023-02-15T11:43:54 PST" name="testCaseData" data-provider="driveTest" finished-at="2023-02-15T11:44:13 PST" duration-ms="19598" status="PASS">
          <params>
            <param index="0">
              <value>
                <![CDATA[https://dev-front.machetalk.jp/liver/]]>
              </value>
            </param>
            <param index="1">
              <value>
                <![CDATA[mt-2021-21@gmail.com]]>
              </value>
            </param>
            <param index="2">
              <value>
                <![CDATA[admin]]>
              </value>
            </param>
          </params>
          <reporter-output>
          </reporter-output>
        </test-method> <!-- testCaseData -->
        <test-method signature="testCaseData(java.lang.String,java.lang.String,java.lang.String)[pri:0, instance:dataDriven.excelDataProvided.liverLogin@1151e434]" started-at="2023-02-15T11:44:13 PST" name="testCaseData" data-provider="driveTest" finished-at="2023-02-15T11:44:34 PST" duration-ms="20398" status="PASS">
          <params>
            <param index="0">
              <value>
                <![CDATA[https://dev-front.machetalk.jp/liver/]]>
              </value>
            </param>
            <param index="1">
              <value>
                <![CDATA[mt-2021-22@gmail.com]]>
              </value>
            </param>
            <param index="2">
              <value>
                <![CDATA[admin]]>
              </value>
            </param>
          </params>
          <reporter-output>
          </reporter-output>
        </test-method> <!-- testCaseData -->
        <test-method signature="testCaseData(java.lang.String,java.lang.String,java.lang.String)[pri:0, instance:dataDriven.excelDataProvided.liverLogin@1151e434]" started-at="2023-02-15T11:44:34 PST" name="testCaseData" data-provider="driveTest" finished-at="2023-02-15T11:44:53 PST" duration-ms="19211" status="PASS">
          <params>
            <param index="0">
              <value>
                <![CDATA[https://dev-front.machetalk.jp/liver/]]>
              </value>
            </param>
            <param index="1">
              <value>
                <![CDATA[mt-2021-23@gmail.com]]>
              </value>
            </param>
            <param index="2">
              <value>
                <![CDATA[admin]]>
              </value>
            </param>
          </params>
          <reporter-output>
          </reporter-output>
        </test-method> <!-- testCaseData -->
        <test-method signature="testCaseData(java.lang.String,java.lang.String,java.lang.String)[pri:0, instance:dataDriven.excelDataProvided.liverLogin@1151e434]" started-at="2023-02-15T11:44:53 PST" name="testCaseData" data-provider="driveTest" finished-at="2023-02-15T11:45:13 PST" duration-ms="20511" status="PASS">
          <params>
            <param index="0">
              <value>
                <![CDATA[https://dev-front.machetalk.jp/liver/]]>
              </value>
            </param>
            <param index="1">
              <value>
                <![CDATA[mt-2021-24@gmail.com]]>
              </value>
            </param>
            <param index="2">
              <value>
                <![CDATA[admin]]>
              </value>
            </param>
          </params>
          <reporter-output>
          </reporter-output>
        </test-method> <!-- testCaseData -->
        <test-method signature="testCaseData(java.lang.String,java.lang.String,java.lang.String)[pri:0, instance:dataDriven.excelDataProvided.liverLogin@1151e434]" started-at="2023-02-15T11:45:13 PST" name="testCaseData" data-provider="driveTest" finished-at="2023-02-15T11:45:33 PST" duration-ms="19872" status="PASS">
          <params>
            <param index="0">
              <value>
                <![CDATA[https://dev-front.machetalk.jp/liver/]]>
              </value>
            </param>
            <param index="1">
              <value>
                <![CDATA[mt-2021-25@gmail.com]]>
              </value>
            </param>
            <param index="2">
              <value>
                <![CDATA[admin]]>
              </value>
            </param>
          </params>
          <reporter-output>
          </reporter-output>
        </test-method> <!-- testCaseData -->
        <test-method signature="testCaseData(java.lang.String,java.lang.String,java.lang.String)[pri:0, instance:dataDriven.excelDataProvided.liverLogin@1151e434]" started-at="2023-02-15T11:45:33 PST" name="testCaseData" data-provider="driveTest" finished-at="2023-02-15T11:45:53 PST" duration-ms="19973" status="PASS">
          <params>
            <param index="0">
              <value>
                <![CDATA[https://dev-front.machetalk.jp/liver/]]>
              </value>
            </param>
            <param index="1">
              <value>
                <![CDATA[rktest1@gmail.com]]>
              </value>
            </param>
            <param index="2">
              <value>
                <![CDATA[admin]]>
              </value>
            </param>
          </params>
          <reporter-output>
          </reporter-output>
        </test-method> <!-- testCaseData -->
        <test-method signature="testCaseData(java.lang.String,java.lang.String,java.lang.String)[pri:0, instance:dataDriven.excelDataProvided.liverLogin@1151e434]" started-at="2023-02-15T11:45:53 PST" name="testCaseData" data-provider="driveTest" finished-at="2023-02-15T11:46:13 PST" duration-ms="19988" status="PASS">
          <params>
            <param index="0">
              <value>
                <![CDATA[https://dev-front.machetalk.jp/liver/]]>
              </value>
            </param>
            <param index="1">
              <value>
                <![CDATA[rktest2@gmail.com]]>
              </value>
            </param>
            <param index="2">
              <value>
                <![CDATA[admin]]>
              </value>
            </param>
          </params>
          <reporter-output>
          </reporter-output>
        </test-method> <!-- testCaseData -->
        <test-method signature="testCaseData(java.lang.String,java.lang.String,java.lang.String)[pri:0, instance:dataDriven.excelDataProvided.liverLogin@1151e434]" started-at="2023-02-15T11:46:13 PST" name="testCaseData" data-provider="driveTest" finished-at="2023-02-15T11:46:34 PST" duration-ms="21118" status="PASS">
          <params>
            <param index="0">
              <value>
                <![CDATA[https://dev-front.machetalk.jp/liver/]]>
              </value>
            </param>
            <param index="1">
              <value>
                <![CDATA[rktest3@gmail.com]]>
              </value>
            </param>
            <param index="2">
              <value>
                <![CDATA[admin]]>
              </value>
            </param>
          </params>
          <reporter-output>
          </reporter-output>
        </test-method> <!-- testCaseData -->
        <test-method signature="testCaseData(java.lang.String,java.lang.String,java.lang.String)[pri:0, instance:dataDriven.excelDataProvided.liverLogin@1151e434]" started-at="2023-02-15T11:46:34 PST" name="testCaseData" data-provider="driveTest" finished-at="2023-02-15T11:46:54 PST" duration-ms="19852" status="PASS">
          <params>
            <param index="0">
              <value>
                <![CDATA[https://dev-front.machetalk.jp/liver/]]>
              </value>
            </param>
            <param index="1">
              <value>
                <![CDATA[rktest4@gmail.com]]>
              </value>
            </param>
            <param index="2">
              <value>
                <![CDATA[admin]]>
              </value>
            </param>
          </params>
          <reporter-output>
          </reporter-output>
        </test-method> <!-- testCaseData -->
        <test-method signature="testCaseData(java.lang.String,java.lang.String,java.lang.String)[pri:0, instance:dataDriven.excelDataProvided.liverLogin@1151e434]" started-at="2023-02-15T11:46:54 PST" name="testCaseData" data-provider="driveTest" finished-at="2023-02-15T11:47:20 PST" duration-ms="25417" status="PASS">
          <params>
            <param index="0">
              <value>
                <![CDATA[https://dev-front.machetalk.jp/liver/]]>
              </value>
            </param>
            <param index="1">
              <value>
                <![CDATA[rktest5@gmail.com]]>
              </value>
            </param>
            <param index="2">
              <value>
                <![CDATA[admin]]>
              </value>
            </param>
          </params>
          <reporter-output>
          </reporter-output>
        </test-method> <!-- testCaseData -->
        <test-method signature="testCaseData(java.lang.String,java.lang.String,java.lang.String)[pri:0, instance:dataDriven.excelDataProvided.liverLogin@1151e434]" started-at="2023-02-15T11:47:20 PST" name="testCaseData" data-provider="driveTest" finished-at="2023-02-15T11:47:43 PST" duration-ms="23333" status="PASS">
          <params>
            <param index="0">
              <value>
                <![CDATA[https://dev-front.machetalk.jp/liver/]]>
              </value>
            </param>
            <param index="1">
              <value>
                <![CDATA[rktest6@gmail.com]]>
              </value>
            </param>
            <param index="2">
              <value>
                <![CDATA[admin]]>
              </value>
            </param>
          </params>
          <reporter-output>
          </reporter-output>
        </test-method> <!-- testCaseData -->
        <test-method signature="testCaseData(java.lang.String,java.lang.String,java.lang.String)[pri:0, instance:dataDriven.excelDataProvided.liverLogin@1151e434]" started-at="2023-02-15T11:47:43 PST" name="testCaseData" data-provider="driveTest" finished-at="2023-02-15T11:48:08 PST" duration-ms="25043" status="PASS">
          <params>
            <param index="0">
              <value>
                <![CDATA[https://dev-front.machetalk.jp/liver/]]>
              </value>
            </param>
            <param index="1">
              <value>
                <![CDATA[rktest7@gmail.com]]>
              </value>
            </param>
            <param index="2">
              <value>
                <![CDATA[admin]]>
              </value>
            </param>
          </params>
          <reporter-output>
          </reporter-output>
        </test-method> <!-- testCaseData -->
        <test-method signature="testCaseData(java.lang.String,java.lang.String,java.lang.String)[pri:0, instance:dataDriven.excelDataProvided.liverLogin@1151e434]" started-at="2023-02-15T11:48:08 PST" name="testCaseData" data-provider="driveTest" finished-at="2023-02-15T11:48:28 PST" duration-ms="20363" status="PASS">
          <params>
            <param index="0">
              <value>
                <![CDATA[https://dev-front.machetalk.jp/liver/]]>
              </value>
            </param>
            <param index="1">
              <value>
                <![CDATA[rktest8@gmail.com]]>
              </value>
            </param>
            <param index="2">
              <value>
                <![CDATA[admin]]>
              </value>
            </param>
          </params>
          <reporter-output>
          </reporter-output>
        </test-method> <!-- testCaseData -->
        <test-method signature="testCaseData(java.lang.String,java.lang.String,java.lang.String)[pri:0, instance:dataDriven.excelDataProvided.liverLogin@1151e434]" started-at="2023-02-15T11:48:28 PST" name="testCaseData" data-provider="driveTest" finished-at="2023-02-15T11:49:00 PST" duration-ms="31944" status="PASS">
          <params>
            <param index="0">
              <value>
                <![CDATA[https://dev-front.machetalk.jp/liver/]]>
              </value>
            </param>
            <param index="1">
              <value>
                <![CDATA[rktest9@gmail.com]]>
              </value>
            </param>
            <param index="2">
              <value>
                <![CDATA[admin]]>
              </value>
            </param>
          </params>
          <reporter-output>
          </reporter-output>
        </test-method> <!-- testCaseData -->
      </class> <!-- dataDriven.excelDataProvided.liverLogin -->
    </test> <!-- Default test -->
  </suite> <!-- Default suite -->
</testng-results>
