<?xml version="1.0" encoding="UTF-8"?>
<testng-results ignored="0" total="3" passed="3" failed="0" skipped="0">
  <reporter-output>
  </reporter-output>
  <suite started-at="2023-01-27T16:57:30 PST" name="Default suite" finished-at="2023-01-27T16:57:31 PST" duration-ms="999">
    <groups>
    </groups>
    <test started-at="2023-01-27T16:57:30 PST" name="Default test" finished-at="2023-01-27T16:57:31 PST" duration-ms="999">
      <class name="dataDriven.excelDataProvider1.dataProvider">
        <test-method signature="testCaseData(java.lang.String,java.lang.String,java.lang.String)[pri:0, instance:dataDriven.excelDataProvider1.dataProvider@7ea9e1e2]" started-at="2023-01-27T16:57:31 PST" name="testCaseData" data-provider="driveTest" finished-at="2023-01-27T16:57:31 PST" duration-ms="13" status="PASS">
          <params>
            <param index="0">
              <value>
                <![CDATA[hello]]>
              </value>
            </param>
            <param index="1">
              <value>
                <![CDATA[text]]>
              </value>
            </param>
            <param index="2">
              <value>
                <![CDATA[11]]>
              </value>
            </param>
          </params>
          <reporter-output>
          </reporter-output>
        </test-method> <!-- testCaseData -->
        <test-method signature="testCaseData(java.lang.String,java.lang.String,java.lang.String)[pri:0, instance:dataDriven.excelDataProvider1.dataProvider@7ea9e1e2]" started-at="2023-01-27T16:57:31 PST" name="testCaseData" data-provider="driveTest" finished-at="2023-01-27T16:57:31 PST" duration-ms="2" status="PASS">
          <params>
            <param index="0">
              <value>
                <![CDATA[bye]]>
              </value>
            </param>
            <param index="1">
              <value>
                <![CDATA[message]]>
              </value>
            </param>
            <param index="2">
              <value>
                <![CDATA[143]]>
              </value>
            </param>
          </params>
          <reporter-output>
          </reporter-output>
        </test-method> <!-- testCaseData -->
        <test-method signature="testCaseData(java.lang.String,java.lang.String,java.lang.String)[pri:0, instance:dataDriven.excelDataProvider1.dataProvider@7ea9e1e2]" started-at="2023-01-27T16:57:31 PST" name="testCaseData" data-provider="driveTest" finished-at="2023-01-27T16:57:31 PST" duration-ms="6" status="PASS">
          <params>
            <param index="0">
              <value>
                <![CDATA[solo]]>
              </value>
            </param>
            <param index="1">
              <value>
                <![CDATA[call]]>
              </value>
            </param>
            <param index="2">
              <value>
                <![CDATA[21345]]>
              </value>
            </param>
          </params>
          <reporter-output>
          </reporter-output>
        </test-method> <!-- testCaseData -->
      </class> <!-- dataDriven.excelDataProvider1.dataProvider -->
    </test> <!-- Default test -->
  </suite> <!-- Default suite -->
</testng-results>
