<?xml version="1.0" encoding="UTF-8"?>
<!-- Generated by org.testng.reporters.JUnitXMLReporter -->
<testsuite ignored="0" hostname="DESKTOP-8GDJ9J7" failures="0" tests="3" name="Default test" time="0.999" errors="0" timestamp="2023-01-27T16:57:31 PST">
  <testcase classname="dataDriven.excelDataProvider1.dataProvider" name="testCaseData" time="0.013"/>
  <testcase classname="dataDriven.excelDataProvider1.dataProvider" name="testCaseData" time="0.002"/>
  <testcase classname="dataDriven.excelDataProvider1.dataProvider" name="testCaseData" time="0.006"/>
</testsuite> <!-- Default test -->
